<?xml version="1.0" encoding="UTF-8"?>
<!-- Generated by org.testng.reporters.JUnitReportReporter -->
<testsuite hostname="USMUMAWANGA11" failures="0" tests="3" name="com.test.testrunner.TestNGRunnerTest" time="29.601" errors="0" timestamp="2024-05-03T17:13:52 IST" skipped="0">
  <testcase classname="com.test.testrunner.TestNGRunnerTest" name="runScenario" time="10.534"/>
  <testcase classname="com.test.testrunner.TestNGRunnerTest" name="runScenario" time="8.702"/>
  <testcase classname="com.test.testrunner.TestNGRunnerTest" name="runScenario" time="10.365"/>
</testsuite> <!-- com.test.testrunner.TestNGRunnerTest -->
