<?xml version="1.0" encoding="UTF-8"?>
<!-- Generated by org.testng.reporters.JUnitReportReporter -->
<testsuite hostname="USPUNAWANGA15" failures="1" tests="3" name="com.test.testrunner.TestNGRunnerTest" time="21.461" errors="0" timestamp="2024-10-24T20:28:55 IST" skipped="0">
  <testcase classname="com.test.testrunner.TestNGRunnerTest" name="runScenario" time="5.988">
    <failure message="null" type="java.lang.AssertionError">
      <![CDATA[java.lang.AssertionError: null
at org.testng.Assert.fail(Assert.java:111)
at org.testng.Assert.fail(Assert.java:116)
at com.test.stepdef.Test.iEnterUserIDAndPassword(Test.java:59)
at âœ½.I enter userID and password(file:///C:/Users/awangate/git/BDDCucumberFramework/src/test/resources/features/test.feature:20)
]]>
    </failure>
  </testcase> <!-- runScenario -->
  <testcase classname="com.test.testrunner.TestNGRunnerTest" name="runScenario" time="7.686"/>
  <testcase classname="com.test.testrunner.TestNGRunnerTest" name="runScenario" time="7.787"/>
</testsuite> <!-- com.test.testrunner.TestNGRunnerTest -->
