<?xml version="1.0" encoding="UTF-8"?>
<!-- Generated by org.testng.reporters.JUnitReportReporter -->
<testsuite hostname="Amol" failures="0" tests="3" name="com.test.testrunner.TestNGRunnerTest" time="28.987" errors="0" timestamp="2024-10-18T17:07:53 IST" skipped="0">
  <testcase classname="com.test.testrunner.TestNGRunnerTest" name="runScenario" time="7.181"/>
  <testcase classname="com.test.testrunner.TestNGRunnerTest" name="runScenario" time="10.379"/>
  <testcase classname="com.test.testrunner.TestNGRunnerTest" name="runScenario" time="11.427"/>
</testsuite> <!-- com.test.testrunner.TestNGRunnerTest -->
