<?xml version="1.0" encoding="UTF-8"?>
<!-- Generated by org.testng.reporters.JUnitReportReporter -->
<testsuite hostname="USMUMAWANGA11" failures="0" tests="1" name="com.test.testrunner.TestNGRunnerTest" time="9.213" errors="0" timestamp="2024-04-06T17:02:06 IST" skipped="0">
  <testcase classname="com.test.testrunner.TestNGRunnerTest" name="runScenario" time="9.213"/>
</testsuite> <!-- com.test.testrunner.TestNGRunnerTest -->
