<?xml version="1.0" encoding="UTF-8"?>
<!-- Generated by org.testng.reporters.JUnitReportReporter -->
<testsuite hostname="USMUMAWANGA11" failures="0" tests="1" name="com.test.testrunner.TestNGRunnerTest" time="16.510" errors="0" timestamp="2024-04-06T17:10:04 IST" skipped="0">
  <testcase classname="com.test.testrunner.TestNGRunnerTest" name="runScenario" time="16.510"/>
</testsuite> <!-- com.test.testrunner.TestNGRunnerTest -->
